2018-05-14 12:50:55,290 | INFO     | 0085 | user logged in: yhegde
2018-05-14 12:52:10,736 | INFO     | 0148 | logging out yhegde
2018-05-14 12:52:29,044 | INFO     | 0148 | logging out yhegde
2018-05-14 12:52:29,054 | INFO     | 0155 | shutdown called
2018-05-14 12:53:41,639 | INFO     | 0207 | user started full network run
2018-05-14 13:23:22,434 | INFO     | 0155 | shutdown called
2018-05-14 13:59:14,669 | INFO     | 0085 | user logged in: yhegde
2018-05-14 14:25:54,440 | INFO     | 0155 | shutdown called
2018-05-14 14:31:52,347 | INFO     | 0085 | user logged in: yhegde
2018-05-14 14:33:56,611 | INFO     | 0155 | shutdown called
2018-05-14 14:34:25,646 | INFO     | 0085 | user logged in: yhegde
2018-05-14 14:49:07,331 | INFO     | 0155 | shutdown called
2018-05-14 14:49:21,088 | INFO     | 0085 | user logged in: yhegde
2018-05-14 15:00:22,744 | INFO     | 0207 | user started full network run
2018-05-14 15:27:31,390 | INFO     | 0155 | shutdown called
2018-05-15 00:58:00,128 | INFO     | 0085 | user logged in: yhegde
2018-05-15 00:58:10,009 | INFO     | 0187 | user opening clean.R
2018-05-15 00:58:52,149 | INFO     | 0103 | adding node explore.csv
2018-05-15 00:59:07,019 | INFO     | 0103 | adding node explore.R
2018-05-15 00:59:14,393 | INFO     | 0187 | user opening explore.R
2018-05-15 00:59:39,136 | INFO     | 0123 | adding edge source: data.csv target: explore.R
2018-05-15 00:59:47,331 | INFO     | 0187 | user opening explore.R
2018-05-15 01:00:08,584 | INFO     | 0123 | adding edge source: explore.R target: explore.csv
2018-05-15 01:01:34,422 | INFO     | 0155 | shutdown called
2018-05-15 01:19:51,491 | INFO     | 0085 | user logged in: yhegde
2018-05-15 01:20:11,377 | INFO     | 0331 | user deleting edge source: explore.R target: explore.csv
2018-05-15 01:20:14,380 | INFO     | 0331 | user deleting edge source: data.csv target: explore.R
2018-05-15 01:20:31,666 | INFO     | 0123 | adding edge source: data.csv target: explore.R
2018-05-15 01:20:38,245 | INFO     | 0187 | user opening explore.R
2018-05-15 01:21:12,731 | INFO     | 0123 | adding edge source: explore.R target: explore.csv
2018-05-15 01:24:04,295 | INFO     | 0308 | user deleting node explore.csv
2018-05-15 01:24:12,530 | INFO     | 0308 | user deleting node explore.R
2018-05-15 01:24:24,648 | INFO     | 0103 | adding node e.R
2018-05-15 01:24:30,131 | INFO     | 0187 | user opening e.R
2018-05-15 01:24:49,320 | INFO     | 0123 | adding edge source: data.csv target: e.R
2018-05-15 01:29:22,060 | INFO     | 0308 | user deleting node e.R
2018-05-15 01:29:38,870 | INFO     | 0103 | adding node a.R
2018-05-15 01:29:46,118 | INFO     | 0187 | user opening a.R
2018-05-15 01:33:28,674 | INFO     | 0155 | shutdown called
2018-05-15 01:33:43,025 | INFO     | 0085 | user logged in: yhegde
2018-05-15 01:33:54,051 | INFO     | 0123 | adding edge source: data.csv target: a.R
2018-05-15 01:43:50,167 | INFO     | 0103 | adding node a.csv
2018-05-15 01:43:54,084 | INFO     | 0123 | adding edge source: a.R target: a.csv
2018-05-15 01:45:12,616 | INFO     | 0207 | user started full network run
2018-05-15 01:47:24,823 | INFO     | 0155 | shutdown called
2018-05-15 01:47:40,529 | INFO     | 0085 | user logged in: yhegde
2018-05-15 01:47:54,566 | INFO     | 0207 | user started full network run
2018-05-15 01:50:22,295 | INFO     | 0155 | shutdown called
2018-05-15 01:50:35,493 | INFO     | 0085 | user logged in: yhegde
2018-05-15 01:51:08,534 | INFO     | 0207 | user started full network run
2018-05-15 02:02:19,175 | INFO     | 0155 | shutdown called
2018-05-15 11:15:36,641 | INFO     | 0085 | user logged in: tamarasered
2018-05-15 11:49:13,872 | INFO     | 0226 | user started running node clean.R
2018-05-15 11:49:14,501 | INFO     | 0112 | running node clean.R
2018-05-15 11:49:14,745 | ERROR    | 0155 | failed clean.R
2018-05-15 11:52:38,962 | INFO     | 0187 | user opening clean.R
2018-05-15 12:04:45,207 | INFO     | 0187 | user opening raw_data.csv
2018-05-15 12:07:42,282 | INFO     | 0207 | user started full network run
2018-05-15 12:07:42,619 | INFO     | 0112 | running node clean.R
2018-05-15 12:08:00,365 | INFO     | 0187 | user opening data.csv
2018-05-15 13:31:23,127 | INFO     | 0103 | adding node descript.R
2018-05-15 13:31:43,925 | INFO     | 0103 | adding node descript.csv
2018-05-15 13:31:50,596 | INFO     | 0123 | adding edge source: data.csv target: descript.R
2018-05-15 13:31:57,811 | INFO     | 0123 | adding edge source: descript.R target: descript.csv
2018-05-15 13:32:01,339 | INFO     | 0264 | user started git push
2018-05-15 13:32:04,761 | INFO     | 0264 | user started git push
2018-05-15 13:32:10,905 | INFO     | 0349 | 409
2018-05-15 13:32:10,905 | INFO     | 0349 | 409
2018-05-15 13:32:10,906 | INFO     | 0364 | merge conflict
2018-05-15 13:32:10,906 | INFO     | 0364 | merge conflict
2018-05-15 13:32:11,316 | INFO     | 0349 | 409
2018-05-15 13:32:11,316 | INFO     | 0349 | 409
2018-05-15 13:32:11,316 | INFO     | 0364 | merge conflict
2018-05-15 13:32:11,316 | INFO     | 0364 | merge conflict
2018-05-15 13:32:48,950 | INFO     | 0264 | user started git push
2018-05-15 13:32:55,344 | INFO     | 0349 | 409
2018-05-15 13:32:55,345 | INFO     | 0364 | merge conflict
2018-05-15 13:32:55,753 | INFO     | 0349 | 409
2018-05-15 13:32:55,754 | INFO     | 0364 | merge conflict
2018-05-15 13:33:50,711 | INFO     | 0283 | updating node
2018-05-15 13:33:50,795 | INFO     | 0188 | renaming node data.csv new name: clean_data.csv
2018-05-15 13:42:42,803 | INFO     | 0103 | adding node NPS.R
2018-05-15 13:42:53,581 | INFO     | 0103 | adding node NPS.csv
2018-05-15 13:42:58,125 | INFO     | 0123 | adding edge source: clean_data.csv target: NPS.R
2018-05-15 13:43:04,319 | INFO     | 0123 | adding edge source: NPS.R target: NPS.csv
2018-05-15 13:45:51,579 | INFO     | 0103 | adding node explore.csv
2018-05-15 13:45:58,328 | INFO     | 0103 | adding node explore.R
2018-05-15 13:46:06,042 | INFO     | 0123 | adding edge source: clean_data.csv target: explore.R
2018-05-15 13:46:12,956 | INFO     | 0123 | adding edge source: explore.R target: explore.csv
2018-05-15 13:47:54,065 | INFO     | 0103 | adding node histogram.png
2018-05-15 13:47:58,453 | INFO     | 0123 | adding edge source: descript.R target: histogram.png
2018-05-15 13:50:06,667 | INFO     | 0308 | user deleting node descript.csv
2018-05-15 13:51:46,042 | INFO     | 0308 | user deleting node NPS.csv
2018-05-15 13:52:38,301 | INFO     | 0103 | adding node LCS.R
2018-05-15 13:52:50,177 | INFO     | 0103 | adding node LCS.csv
2018-05-15 13:52:54,412 | INFO     | 0123 | adding edge source: clean_data.csv target: LCS.R
2018-05-15 13:53:03,161 | INFO     | 0123 | adding edge source: LCS.R target: LCS.csv
2018-05-15 13:54:27,510 | INFO     | 0103 | adding node highest_ltr.R
2018-05-15 13:54:40,466 | INFO     | 0103 | adding node highest_ltr.csv
2018-05-15 13:54:43,748 | INFO     | 0123 | adding edge source: LCS.csv target: highest_ltr.R
2018-05-15 13:54:56,772 | INFO     | 0123 | adding edge source: highest_ltr.R target: highest_ltr.csv
2018-05-15 13:55:13,734 | INFO     | 0308 | user deleting node highest_ltr.csv
2018-05-15 13:55:51,435 | INFO     | 0103 | adding node cs.R
2018-05-15 13:56:20,995 | INFO     | 0308 | user deleting node cs.R
2018-05-15 13:56:47,283 | INFO     | 0283 | updating node
2018-05-15 13:56:47,552 | INFO     | 0170 | updating node highest_ltr.R task status: not started assigned to: not assigned
2018-05-15 13:56:47,553 | INFO     | 0188 | renaming node highest_ltr.R new name: highest_ltr_cs.R
2018-05-15 13:57:56,150 | INFO     | 0103 | adding node highest_ltr_cs2.R
2018-05-15 13:58:02,204 | INFO     | 0123 | adding edge source: clean_data.csv target: highest_ltr_cs2.R
2018-05-15 14:03:04,667 | INFO     | 0103 | adding node NPS10.R
2018-05-15 14:03:22,712 | INFO     | 0103 | adding node NPS1000.R
2018-05-15 14:03:33,838 | INFO     | 0123 | adding edge source: LCS.csv target: NPS10.R
2018-05-15 14:03:45,982 | INFO     | 0123 | adding edge source: LCS.csv target: NPS1000.R
2018-05-15 14:04:13,416 | INFO     | 0103 | adding node hist_NPS10.png
2018-05-15 14:04:27,959 | INFO     | 0103 | adding node hist_NPS1000.png
2018-05-15 14:04:33,536 | INFO     | 0123 | adding edge source: NPS10.R target: hist_NPS10.png
